<?xml version="1.0" encoding="UTF-8"?>
<!-- Generated by org.testng.reporters.JUnitReportReporter -->
<testsuite hostname="DESKTOP-NMTAQ5B" name="Test.HomePage" tests="2" failures="0" timestamp="16 May 2021 08:28:38 GMT" time="36.021" errors="0">
  <testcase name="basePageNavigation" time="31.673" classname="Test.HomePage"/>
  <testcase name="basePageNavigation" time="4.348" classname="Test.HomePage"/>
</testsuite> <!-- Test.HomePage -->
