<?xml version="1.0" encoding="UTF-8"?>
<!-- Generated by org.testng.reporters.JUnitReportReporter -->
<testsuite hostname="DESKTOP-NMTAQ5B" name="Test.validateNavigationBar" tests="1" failures="0" timestamp="16 May 2021 08:28:38 GMT" time="0.204" errors="0">
  <testcase name="basePageNavigation" time="0.204" classname="Test.validateNavigationBar"/>
</testsuite> <!-- Test.validateNavigationBar -->
