<?xml version="1.0" encoding="UTF-8"?>
<!-- Generated by org.testng.reporters.JUnitReportReporter -->
<testsuite hostname="DESKTOP-NMTAQ5B" name="APITest" tests="2" failures="0" timestamp="7 Mar 2021 07:02:28 GMT" time="0.010" errors="0">
  <testcase name="DeleteTwitter" time="0.010" classname="APITest"/>
  <testcase name="PostJira" time="0.000" classname="APITest"/>
</testsuite> <!-- APITest -->
