<?xml version="1.0" encoding="UTF-8"?>
<!-- Generated by org.testng.reporters.JUnitReportReporter -->
<testsuite hostname="DESKTOP-NMTAQ5B" name="SeleniumTest" tests="2" failures="0" timestamp="7 Mar 2021 07:02:28 GMT" time="0.000" errors="0">
  <testcase name="ElementUI" time="0.000" classname="SeleniumTest"/>
  <testcase name="BrowserAutomation" time="0.000" classname="SeleniumTest"/>
</testsuite> <!-- SeleniumTest -->
