<?xml version="1.0" encoding="UTF-8"?>
<!-- Generated by org.testng.reporters.JUnitReportReporter -->
<testsuite hostname="DESKTOP-NMTAQ5B" name="AppiumTest" tests="2" failures="0" timestamp="7 Mar 2021 07:02:28 GMT" time="0.005" errors="0">
  <testcase name="IOSApp" time="0.000" classname="AppiumTest"/>
  <testcase name="AndroidApp" time="0.005" classname="AppiumTest"/>
</testsuite> <!-- AppiumTest -->
